<?xml version="1.0" encoding="UTF-8"?>
<coverage generated="1657250706663" clover="3.2.0">
  <project timestamp="1657250706663" name="All files">
    <metrics statements="197" coveredstatements="92" conditionals="48" coveredconditionals="34" methods="66" coveredmethods="35" elements="311" coveredelements="161" complexity="0" loc="197" ncloc="197" packages="19" files="39" classes="39"/>
    <package name="src">
      <metrics statements="20" coveredstatements="0" conditionals="10" coveredconditionals="0" methods="5" coveredmethods="0"/>
      <file name="App.tsx" path="/home/shraN/React/Blinkist/blinkist-01/src/App.tsx">
        <metrics statements="4" coveredstatements="0" conditionals="6" coveredconditionals="0" methods="1" coveredmethods="0"/>
        <line num="15" count="0" type="stmt"/>
        <line num="17" count="0" type="cond" truecount="0" falsecount="2"/>
        <line num="18" count="0" type="stmt"/>
        <line num="28" count="0" type="stmt"/>
      </file>
      <file name="LoginPage.tsx" path="/home/shraN/React/Blinkist/blinkist-01/src/LoginPage.tsx">
        <metrics statements="3" coveredstatements="0" conditionals="0" coveredconditionals="0" methods="2" coveredmethods="0"/>
        <line num="7" count="0" type="stmt"/>
        <line num="8" count="0" type="stmt"/>
        <line num="20" count="0" type="stmt"/>
      </file>
      <file name="index.tsx" path="/home/shraN/React/Blinkist/blinkist-01/src/index.tsx">
        <metrics statements="5" coveredstatements="0" conditionals="0" coveredconditionals="0" methods="0" coveredmethods="0"/>
        <line num="8" count="0" type="stmt"/>
        <line num="9" count="0" type="stmt"/>
        <line num="11" count="0" type="stmt"/>
        <line num="14" count="0" type="stmt"/>
        <line num="28" count="0" type="stmt"/>
      </file>
      <file name="reportWebVitals.ts" path="/home/shraN/React/Blinkist/blinkist-01/src/reportWebVitals.ts">
        <metrics statements="8" coveredstatements="0" conditionals="4" coveredconditionals="0" methods="2" coveredmethods="0"/>
        <line num="3" count="0" type="stmt"/>
        <line num="4" count="0" type="cond" truecount="0" falsecount="4"/>
        <line num="5" count="0" type="stmt"/>
        <line num="6" count="0" type="stmt"/>
        <line num="7" count="0" type="stmt"/>
        <line num="8" count="0" type="stmt"/>
        <line num="9" count="0" type="stmt"/>
        <line num="10" count="0" type="stmt"/>
      </file>
    </package>
    <package name="src.Theme">
      <metrics statements="1" coveredstatements="0" conditionals="0" coveredconditionals="0" methods="0" coveredmethods="0"/>
      <file name="Theme.tsx" path="/home/shraN/React/Blinkist/blinkist-01/src/Theme/Theme.tsx">
        <metrics statements="1" coveredstatements="0" conditionals="0" coveredconditionals="0" methods="0" coveredmethods="0"/>
        <line num="3" count="0" type="stmt"/>
      </file>
    </package>
    <package name="src.api">
      <metrics statements="0" coveredstatements="0" conditionals="0" coveredconditionals="0" methods="0" coveredmethods="0"/>
      <file name="books.tsx" path="/home/shraN/React/Blinkist/blinkist-01/src/api/books.tsx">
        <metrics statements="0" coveredstatements="0" conditionals="0" coveredconditionals="0" methods="0" coveredmethods="0"/>
      </file>
    </package>
    <package name="src.components.atoms.Avatar">
      <metrics statements="3" coveredstatements="3" conditionals="0" coveredconditionals="0" methods="1" coveredmethods="1"/>
      <file name="Avatar.tsx" path="/home/shraN/React/Blinkist/blinkist-01/src/components/atoms/Avatar/Avatar.tsx">
        <metrics statements="3" coveredstatements="3" conditionals="0" coveredconditionals="0" methods="1" coveredmethods="1"/>
        <line num="3" count="3" type="stmt"/>
        <line num="10" count="3" type="stmt"/>
        <line num="11" count="15" type="stmt"/>
      </file>
    </package>
    <package name="src.components.atoms.Buttons">
      <metrics statements="22" coveredstatements="6" conditionals="0" coveredconditionals="0" methods="6" coveredmethods="3"/>
      <file name="CustomIconButton.stories.tsx" path="/home/shraN/React/Blinkist/blinkist-01/src/components/atoms/Buttons/CustomIconButton.stories.tsx">
        <metrics statements="4" coveredstatements="0" conditionals="0" coveredconditionals="0" methods="1" coveredmethods="0"/>
        <line num="11" count="0" type="stmt"/>
        <line num="12" count="0" type="stmt"/>
        <line num="15" count="0" type="stmt"/>
        <line num="17" count="0" type="stmt"/>
      </file>
      <file name="CustomIconButton.tsx" path="/home/shraN/React/Blinkist/blinkist-01/src/components/atoms/Buttons/CustomIconButton.tsx">
        <metrics statements="2" coveredstatements="2" conditionals="0" coveredconditionals="0" methods="1" coveredmethods="1"/>
        <line num="12" count="2" type="stmt"/>
        <line num="13" count="9" type="stmt"/>
      </file>
      <file name="DefaultButton.stories.tsx" path="/home/shraN/React/Blinkist/blinkist-01/src/components/atoms/Buttons/DefaultButton.stories.tsx">
        <metrics statements="8" coveredstatements="0" conditionals="0" coveredconditionals="0" methods="1" coveredmethods="0"/>
        <line num="12" count="0" type="stmt"/>
        <line num="13" count="0" type="stmt"/>
        <line num="17" count="0" type="stmt"/>
        <line num="18" count="0" type="stmt"/>
        <line num="19" count="0" type="stmt"/>
        <line num="21" count="0" type="stmt"/>
        <line num="27" count="0" type="stmt"/>
        <line num="33" count="0" type="stmt"/>
      </file>
      <file name="DefaultButton.tsx" path="/home/shraN/React/Blinkist/blinkist-01/src/components/atoms/Buttons/DefaultButton.tsx">
        <metrics statements="2" coveredstatements="2" conditionals="0" coveredconditionals="0" methods="1" coveredmethods="1"/>
        <line num="13" count="1" type="stmt"/>
        <line num="14" count="2" type="stmt"/>
      </file>
      <file name="EndIconButton.stories.tsx" path="/home/shraN/React/Blinkist/blinkist-01/src/components/atoms/Buttons/EndIconButton.stories.tsx">
        <metrics statements="4" coveredstatements="0" conditionals="0" coveredconditionals="0" methods="1" coveredmethods="0"/>
        <line num="11" count="0" type="stmt"/>
        <line num="12" count="0" type="stmt"/>
        <line num="15" count="0" type="stmt"/>
        <line num="17" count="0" type="stmt"/>
      </file>
      <file name="EndIconButton.tsx" path="/home/shraN/React/Blinkist/blinkist-01/src/components/atoms/Buttons/EndIconButton.tsx">
        <metrics statements="2" coveredstatements="2" conditionals="0" coveredconditionals="0" methods="1" coveredmethods="1"/>
        <line num="15" count="1" type="stmt"/>
        <line num="16" count="3" type="stmt"/>
      </file>
    </package>
    <package name="src.components.atoms.Logo">
      <metrics statements="3" coveredstatements="1" conditionals="0" coveredconditionals="0" methods="2" coveredmethods="1"/>
      <file name="Logo.stories.tsx" path="/home/shraN/React/Blinkist/blinkist-01/src/components/atoms/Logo/Logo.stories.tsx">
        <metrics statements="2" coveredstatements="0" conditionals="0" coveredconditionals="0" methods="1" coveredmethods="0"/>
        <line num="10" count="0" type="stmt"/>
        <line num="12" count="0" type="stmt"/>
      </file>
      <file name="Logo.tsx" path="/home/shraN/React/Blinkist/blinkist-01/src/components/atoms/Logo/Logo.tsx">
        <metrics statements="1" coveredstatements="1" conditionals="0" coveredconditionals="0" methods="1" coveredmethods="1"/>
        <line num="5" count="8" type="stmt"/>
      </file>
    </package>
    <package name="src.components.atoms.Progress">
      <metrics statements="3" coveredstatements="3" conditionals="0" coveredconditionals="0" methods="1" coveredmethods="1"/>
      <file name="Progress.tsx" path="/home/shraN/React/Blinkist/blinkist-01/src/components/atoms/Progress/Progress.tsx">
        <metrics statements="3" coveredstatements="3" conditionals="0" coveredconditionals="0" methods="1" coveredmethods="1"/>
        <line num="9" count="4" type="stmt"/>
        <line num="17" count="4" type="stmt"/>
        <line num="18" count="23" type="stmt"/>
      </file>
    </package>
    <package name="src.components.molecules.Account">
      <metrics statements="17" coveredstatements="13" conditionals="6" coveredconditionals="6" methods="5" coveredmethods="3"/>
      <file name="AccountDrop.stories.tsx" path="/home/shraN/React/Blinkist/blinkist-01/src/components/molecules/Account/AccountDrop.stories.tsx">
        <metrics statements="3" coveredstatements="0" conditionals="0" coveredconditionals="0" methods="1" coveredmethods="0"/>
        <line num="10" count="0" type="stmt"/>
        <line num="11" count="0" type="stmt"/>
        <line num="14" count="0" type="stmt"/>
      </file>
      <file name="AccountDrop.tsx" path="/home/shraN/React/Blinkist/blinkist-01/src/components/molecules/Account/AccountDrop.tsx">
        <metrics statements="14" coveredstatements="13" conditionals="6" coveredconditionals="6" methods="4" coveredmethods="3"/>
        <line num="11" count="14" type="stmt"/>
        <line num="12" count="14" type="stmt"/>
        <line num="13" count="14" type="stmt"/>
        <line num="15" count="14" type="stmt"/>
        <line num="16" count="4" type="stmt"/>
        <line num="17" count="4" type="cond" truecount="2" falsecount="0"/>
        <line num="18" count="2" type="stmt"/>
        <line num="20" count="4" type="stmt"/>
        <line num="23" count="14" type="stmt"/>
        <line num="24" count="2" type="stmt"/>
        <line num="25" count="2" type="stmt"/>
        <line num="28" count="14" type="stmt"/>
        <line num="30" count="14" type="stmt"/>
        <line num="53" count="0" type="stmt"/>
      </file>
    </package>
    <package name="src.components.molecules.BookCard">
      <metrics statements="24" coveredstatements="16" conditionals="18" coveredconditionals="16" methods="13" coveredmethods="10"/>
      <file name="BookCard.stories.tsx" path="/home/shraN/React/Blinkist/blinkist-01/src/components/molecules/BookCard/BookCard.stories.tsx">
        <metrics statements="6" coveredstatements="0" conditionals="0" coveredconditionals="0" methods="1" coveredmethods="0"/>
        <line num="11" count="0" type="stmt"/>
        <line num="12" count="0" type="stmt"/>
        <line num="15" count="0" type="stmt"/>
        <line num="17" count="0" type="stmt"/>
        <line num="28" count="0" type="stmt"/>
        <line num="30" count="0" type="stmt"/>
      </file>
      <file name="BookCard.tsx" path="/home/shraN/React/Blinkist/blinkist-01/src/components/molecules/BookCard/BookCard.tsx">
        <metrics statements="18" coveredstatements="16" conditionals="18" coveredconditionals="16" methods="12" coveredmethods="10"/>
        <line num="16" count="3" type="stmt"/>
        <line num="120" count="42" type="stmt"/>
        <line num="123" count="1" type="stmt"/>
        <line num="124" count="1" type="stmt"/>
        <line num="129" count="1" type="stmt"/>
        <line num="133" count="1" type="stmt"/>
        <line num="134" count="1" type="stmt"/>
        <line num="139" count="1" type="stmt"/>
        <line num="144" count="1" type="stmt"/>
        <line num="145" count="1" type="stmt"/>
        <line num="149" count="0" type="stmt"/>
        <line num="150" count="0" type="stmt"/>
        <line num="152" count="1" type="stmt"/>
        <line num="153" count="1" type="stmt"/>
        <line num="156" count="42" type="stmt"/>
        <line num="211" count="1" type="stmt"/>
        <line num="242" count="1" type="stmt"/>
        <line num="257" count="1" type="stmt"/>
      </file>
    </package>
    <package name="src.components.molecules.Search">
      <metrics statements="8" coveredstatements="5" conditionals="0" coveredconditionals="0" methods="3" coveredmethods="2"/>
      <file name="SearchInput.tsx" path="/home/shraN/React/Blinkist/blinkist-01/src/components/molecules/Search/SearchInput.tsx">
        <metrics statements="5" coveredstatements="5" conditionals="0" coveredconditionals="0" methods="2" coveredmethods="2"/>
        <line num="12" count="4" type="stmt"/>
        <line num="13" count="4" type="stmt"/>
        <line num="14" count="2" type="stmt"/>
        <line num="15" count="2" type="stmt"/>
        <line num="18" count="4" type="stmt"/>
      </file>
      <file name="Searchinput.stories.tsx" path="/home/shraN/React/Blinkist/blinkist-01/src/components/molecules/Search/Searchinput.stories.tsx">
        <metrics statements="3" coveredstatements="0" conditionals="0" coveredconditionals="0" methods="1" coveredmethods="0"/>
        <line num="10" count="0" type="stmt"/>
        <line num="11" count="0" type="stmt"/>
        <line num="14" count="0" type="stmt"/>
      </file>
    </package>
    <package name="src.components.organisms.Explore">
      <metrics statements="18" coveredstatements="15" conditionals="8" coveredconditionals="7" methods="5" coveredmethods="4"/>
      <file name="ExploreDialog.stories.tsx" path="/home/shraN/React/Blinkist/blinkist-01/src/components/organisms/Explore/ExploreDialog.stories.tsx">
        <metrics statements="3" coveredstatements="0" conditionals="0" coveredconditionals="0" methods="1" coveredmethods="0"/>
        <line num="11" count="0" type="stmt"/>
        <line num="12" count="0" type="stmt"/>
        <line num="17" count="0" type="stmt"/>
      </file>
      <file name="ExploreDialog.tsx" path="/home/shraN/React/Blinkist/blinkist-01/src/components/organisms/Explore/ExploreDialog.tsx">
        <metrics statements="15" coveredstatements="15" conditionals="8" coveredconditionals="7" methods="4" coveredmethods="4"/>
        <line num="13" count="2" type="stmt"/>
        <line num="85" count="2" type="stmt"/>
        <line num="99" count="2" type="stmt"/>
        <line num="109" count="15" type="stmt"/>
        <line num="111" count="15" type="stmt"/>
        <line num="112" count="15" type="stmt"/>
        <line num="114" count="15" type="stmt"/>
        <line num="115" count="15" type="stmt"/>
        <line num="116" count="6" type="stmt"/>
        <line num="117" count="6" type="cond" truecount="2" falsecount="0"/>
        <line num="119" count="15" type="stmt"/>
        <line num="120" count="2" type="stmt"/>
        <line num="121" count="2" type="cond" truecount="1" falsecount="1"/>
        <line num="124" count="15" type="stmt"/>
        <line num="199" count="270" type="stmt"/>
      </file>
    </package>
    <package name="src.components.organisms.Footer">
      <metrics statements="5" coveredstatements="2" conditionals="0" coveredconditionals="0" methods="2" coveredmethods="1"/>
      <file name="Footer.stories.tsx" path="/home/shraN/React/Blinkist/blinkist-01/src/components/organisms/Footer/Footer.stories.tsx">
        <metrics statements="3" coveredstatements="0" conditionals="0" coveredconditionals="0" methods="1" coveredmethods="0"/>
        <line num="10" count="0" type="stmt"/>
        <line num="12" count="0" type="stmt"/>
        <line num="16" count="0" type="stmt"/>
      </file>
      <file name="Footer.tsx" path="/home/shraN/React/Blinkist/blinkist-01/src/components/organisms/Footer/Footer.tsx">
        <metrics statements="2" coveredstatements="2" conditionals="0" coveredconditionals="0" methods="1" coveredmethods="1"/>
        <line num="16" count="1" type="stmt"/>
        <line num="32" count="1" type="stmt"/>
      </file>
    </package>
    <package name="src.components.organisms.Grid">
      <metrics statements="9" coveredstatements="5" conditionals="2" coveredconditionals="2" methods="3" coveredmethods="2"/>
      <file name="CardGrid.stories.tsx" path="/home/shraN/React/Blinkist/blinkist-01/src/components/organisms/Grid/CardGrid.stories.tsx">
        <metrics statements="4" coveredstatements="0" conditionals="0" coveredconditionals="0" methods="1" coveredmethods="0"/>
        <line num="12" count="0" type="stmt"/>
        <line num="13" count="0" type="stmt"/>
        <line num="18" count="0" type="stmt"/>
        <line num="20" count="0" type="stmt"/>
      </file>
      <file name="CardGrid.tsx" path="/home/shraN/React/Blinkist/blinkist-01/src/components/organisms/Grid/CardGrid.tsx">
        <metrics statements="5" coveredstatements="5" conditionals="2" coveredconditionals="2" methods="2" coveredmethods="2"/>
        <line num="23" count="2" type="stmt"/>
        <line num="24" count="9" type="stmt"/>
        <line num="27" count="24" type="cond" truecount="2" falsecount="0"/>
        <line num="28" count="4" type="stmt"/>
        <line num="47" count="20" type="stmt"/>
      </file>
    </package>
    <package name="src.components.organisms.MainHeader">
      <metrics statements="9" coveredstatements="6" conditionals="2" coveredconditionals="2" methods="3" coveredmethods="2"/>
      <file name="MainHeader.stories.tsx" path="/home/shraN/React/Blinkist/blinkist-01/src/components/organisms/MainHeader/MainHeader.stories.tsx">
        <metrics statements="3" coveredstatements="0" conditionals="0" coveredconditionals="0" methods="1" coveredmethods="0"/>
        <line num="11" count="0" type="stmt"/>
        <line num="12" count="0" type="stmt"/>
        <line num="17" count="0" type="stmt"/>
      </file>
      <file name="MainHeader.tsx" path="/home/shraN/React/Blinkist/blinkist-01/src/components/organisms/MainHeader/MainHeader.tsx">
        <metrics statements="6" coveredstatements="6" conditionals="2" coveredconditionals="2" methods="2" coveredmethods="2"/>
        <line num="13" count="7" type="stmt"/>
        <line num="15" count="7" type="stmt"/>
        <line num="17" count="7" type="stmt"/>
        <line num="18" count="2" type="stmt"/>
        <line num="19" count="2" type="stmt"/>
        <line num="22" count="7" type="stmt"/>
      </file>
    </package>
    <package name="src.components.organisms.MyLibrary">
      <metrics statements="23" coveredstatements="14" conditionals="2" coveredconditionals="1" methods="6" coveredmethods="5"/>
      <file name="MyLibrary.stories.tsx" path="/home/shraN/React/Blinkist/blinkist-01/src/components/organisms/MyLibrary/MyLibrary.stories.tsx">
        <metrics statements="3" coveredstatements="0" conditionals="0" coveredconditionals="0" methods="1" coveredmethods="0"/>
        <line num="11" count="0" type="stmt"/>
        <line num="12" count="0" type="stmt"/>
        <line num="17" count="0" type="stmt"/>
      </file>
      <file name="MyLibrary.tsx" path="/home/shraN/React/Blinkist/blinkist-01/src/components/organisms/MyLibrary/MyLibrary.tsx">
        <metrics statements="20" coveredstatements="14" conditionals="2" coveredconditionals="1" methods="5" coveredmethods="5"/>
        <line num="12" count="1" type="stmt"/>
        <line num="24" count="5" type="stmt"/>
        <line num="25" count="5" type="stmt"/>
        <line num="26" count="5" type="stmt"/>
        <line num="28" count="5" type="stmt"/>
        <line num="29" count="1" type="stmt"/>
        <line num="32" count="5" type="stmt"/>
        <line num="34" count="5" type="cond" truecount="1" falsecount="1"/>
        <line num="35" count="5" type="stmt"/>
        <line num="42" count="0" type="stmt"/>
        <line num="49" count="0" type="stmt"/>
        <line num="52" count="5" type="stmt"/>
        <line num="53" count="5" type="stmt"/>
        <line num="54" count="5" type="stmt"/>
        <line num="55" count="0" type="stmt"/>
        <line num="56" count="0" type="stmt"/>
        <line num="57" count="0" type="stmt"/>
        <line num="58" count="0" type="stmt"/>
        <line num="63" count="5" type="stmt"/>
        <line num="66" count="5" type="stmt"/>
      </file>
    </package>
    <package name="src.components.pages.BookDetails">
      <metrics statements="8" coveredstatements="0" conditionals="0" coveredconditionals="0" methods="3" coveredmethods="0"/>
      <file name="BookDetails.stories.tsx" path="/home/shraN/React/Blinkist/blinkist-01/src/components/pages/BookDetails/BookDetails.stories.tsx">
        <metrics statements="3" coveredstatements="0" conditionals="0" coveredconditionals="0" methods="1" coveredmethods="0"/>
        <line num="10" count="0" type="stmt"/>
        <line num="11" count="0" type="stmt"/>
        <line num="14" count="0" type="stmt"/>
      </file>
      <file name="BookDetails.tsx" path="/home/shraN/React/Blinkist/blinkist-01/src/components/pages/BookDetails/BookDetails.tsx">
        <metrics statements="5" coveredstatements="0" conditionals="0" coveredconditionals="0" methods="2" coveredmethods="0"/>
        <line num="27" count="0" type="stmt"/>
        <line num="91" count="0" type="stmt"/>
        <line num="93" count="0" type="stmt"/>
        <line num="94" count="0" type="stmt"/>
        <line num="97" count="0" type="stmt"/>
      </file>
    </package>
    <package name="src.components.pages.ExplorePage">
      <metrics statements="16" coveredstatements="0" conditionals="0" coveredconditionals="0" methods="6" coveredmethods="0"/>
      <file name="ExplorePage.stories.tsx" path="/home/shraN/React/Blinkist/blinkist-01/src/components/pages/ExplorePage/ExplorePage.stories.tsx">
        <metrics statements="3" coveredstatements="0" conditionals="0" coveredconditionals="0" methods="1" coveredmethods="0"/>
        <line num="10" count="0" type="stmt"/>
        <line num="11" count="0" type="stmt"/>
        <line num="14" count="0" type="stmt"/>
      </file>
      <file name="ExplorePage.tsx" path="/home/shraN/React/Blinkist/blinkist-01/src/components/pages/ExplorePage/ExplorePage.tsx">
        <metrics statements="13" coveredstatements="0" conditionals="0" coveredconditionals="0" methods="5" coveredmethods="0"/>
        <line num="10" count="0" type="stmt"/>
        <line num="36" count="0" type="stmt"/>
        <line num="37" count="0" type="stmt"/>
        <line num="38" count="0" type="stmt"/>
        <line num="40" count="0" type="stmt"/>
        <line num="41" count="0" type="stmt"/>
        <line num="42" count="0" type="stmt"/>
        <line num="45" count="0" type="stmt"/>
        <line num="46" count="0" type="stmt"/>
        <line num="47" count="0" type="stmt"/>
        <line num="48" count="0" type="stmt"/>
        <line num="50" count="0" type="stmt"/>
        <line num="53" count="0" type="stmt"/>
      </file>
    </package>
    <package name="src.components.pages.MyLibraryPage">
      <metrics statements="5" coveredstatements="0" conditionals="0" coveredconditionals="0" methods="2" coveredmethods="0"/>
      <file name="MyLibraryPage.stories.tsx" path="/home/shraN/React/Blinkist/blinkist-01/src/components/pages/MyLibraryPage/MyLibraryPage.stories.tsx">
        <metrics statements="3" coveredstatements="0" conditionals="0" coveredconditionals="0" methods="1" coveredmethods="0"/>
        <line num="11" count="0" type="stmt"/>
        <line num="12" count="0" type="stmt"/>
        <line num="15" count="0" type="stmt"/>
      </file>
      <file name="MyLibraryPage.tsx" path="/home/shraN/React/Blinkist/blinkist-01/src/components/pages/MyLibraryPage/MyLibraryPage.tsx">
        <metrics statements="2" coveredstatements="0" conditionals="0" coveredconditionals="0" methods="1" coveredmethods="0"/>
        <line num="6" count="0" type="stmt"/>
        <line num="16" count="0" type="stmt"/>
      </file>
    </package>
    <package name="src.data">
      <metrics statements="3" coveredstatements="3" conditionals="0" coveredconditionals="0" methods="0" coveredmethods="0"/>
      <file name="bookdata.js" path="/home/shraN/React/Blinkist/blinkist-01/src/data/bookdata.js">
        <metrics statements="3" coveredstatements="3" conditionals="0" coveredconditionals="0" methods="0" coveredmethods="0"/>
        <line num="21" count="3" type="stmt"/>
        <line num="42" count="3" type="stmt"/>
        <line num="64" count="3" type="stmt"/>
      </file>
    </package>
  </project>
</coverage>
