{"/home/shraN/React/Blinkist/blinkist-01/src/App.tsx": {"path":"/home/shraN/React/Blinkist/blinkist-01/src/App.tsx","statementMap":{"0":{"start":{"line":15,"column":36},"end":{"line":15,"column":46}},"1":{"start":{"line":17,"column":2},"end":{"line":26,"column":3}},"2":{"start":{"line":18,"column":4},"end":{"line":25,"column":6}},"3":{"start":{"line":28,"column":2},"end":{"line":50,"column":4}}},"fnMap":{"0":{"name":"App","decl":{"start":{"line":13,"column":9},"end":{"line":13,"column":12}},"loc":{"start":{"line":13,"column":15},"end":{"line":52,"column":1}},"line":13}},"branchMap":{"0":{"loc":{"start":{"line":17,"column":2},"end":{"line":26,"column":3}},"type":"if","locations":[{"start":{"line":17,"column":2},"end":{"line":26,"column":3}},{"start":{},"end":{}}],"line":17},"1":{"loc":{"start":{"line":30,"column":7},"end":{"line":30,"column":46}},"type":"cond-expr","locations":[{"start":{"line":30,"column":26},"end":{"line":30,"column":39}},{"start":{"line":30,"column":42},"end":{"line":30,"column":46}}],"line":30},"2":{"loc":{"start":{"line":31,"column":7},"end":{"line":48,"column":5}},"type":"binary-expr","locations":[{"start":{"line":31,"column":7},"end":{"line":31,"column":22}},{"start":{"line":32,"column":4},"end":{"line":47,"column":20}}],"line":31}},"s":{"0":0,"1":0,"2":0,"3":0},"f":{"0":0},"b":{"0":[0,0],"1":[0,0],"2":[0,0]}}
,"/home/shraN/React/Blinkist/blinkist-01/src/LoginPage.tsx": {"path":"/home/shraN/React/Blinkist/blinkist-01/src/LoginPage.tsx","statementMap":{"0":{"start":{"line":7,"column":34},"end":{"line":7,"column":44}},"1":{"start":{"line":8,"column":2},"end":{"line":29,"column":3}},"2":{"start":{"line":20,"column":67},"end":{"line":20,"column":86}}},"fnMap":{"0":{"name":"LoginPage","decl":{"start":{"line":6,"column":9},"end":{"line":6,"column":18}},"loc":{"start":{"line":6,"column":21},"end":{"line":30,"column":1}},"line":6},"1":{"name":"(anonymous_1)","decl":{"start":{"line":20,"column":61},"end":{"line":20,"column":62}},"loc":{"start":{"line":20,"column":67},"end":{"line":20,"column":86}},"line":20}},"branchMap":{},"s":{"0":0,"1":0,"2":0},"f":{"0":0,"1":0},"b":{}}
,"/home/shraN/React/Blinkist/blinkist-01/src/index.tsx": {"path":"/home/shraN/React/Blinkist/blinkist-01/src/index.tsx","statementMap":{"0":{"start":{"line":8,"column":13},"end":{"line":8,"column":40}},"1":{"start":{"line":9,"column":15},"end":{"line":9,"column":49}},"2":{"start":{"line":11,"column":13},"end":{"line":13,"column":1}},"3":{"start":{"line":14,"column":0},"end":{"line":23,"column":2}},"4":{"start":{"line":28,"column":0},"end":{"line":28,"column":18}}},"fnMap":{},"branchMap":{},"s":{"0":0,"1":0,"2":0,"3":0,"4":0},"f":{},"b":{}}
,"/home/shraN/React/Blinkist/blinkist-01/src/reportWebVitals.ts": {"path":"/home/shraN/React/Blinkist/blinkist-01/src/reportWebVitals.ts","statementMap":{"0":{"start":{"line":3,"column":24},"end":{"line":13,"column":1}},"1":{"start":{"line":4,"column":2},"end":{"line":12,"column":3}},"2":{"start":{"line":5,"column":4},"end":{"line":11,"column":7}},"3":{"start":{"line":6,"column":6},"end":{"line":6,"column":26}},"4":{"start":{"line":7,"column":6},"end":{"line":7,"column":26}},"5":{"start":{"line":8,"column":6},"end":{"line":8,"column":26}},"6":{"start":{"line":9,"column":6},"end":{"line":9,"column":26}},"7":{"start":{"line":10,"column":6},"end":{"line":10,"column":27}}},"fnMap":{"0":{"name":"(anonymous_0)","decl":{"start":{"line":3,"column":24},"end":{"line":3,"column":25}},"loc":{"start":{"line":3,"column":57},"end":{"line":13,"column":1}},"line":3},"1":{"name":"(anonymous_1)","decl":{"start":{"line":5,"column":30},"end":{"line":5,"column":31}},"loc":{"start":{"line":5,"column":79},"end":{"line":11,"column":5}},"line":5}},"branchMap":{"0":{"loc":{"start":{"line":4,"column":2},"end":{"line":12,"column":3}},"type":"if","locations":[{"start":{"line":4,"column":2},"end":{"line":12,"column":3}},{"start":{},"end":{}}],"line":4},"1":{"loc":{"start":{"line":4,"column":6},"end":{"line":4,"column":52}},"type":"binary-expr","locations":[{"start":{"line":4,"column":6},"end":{"line":4,"column":17}},{"start":{"line":4,"column":21},"end":{"line":4,"column":52}}],"line":4}},"s":{"0":0,"1":0,"2":0,"3":0,"4":0,"5":0,"6":0,"7":0},"f":{"0":0,"1":0},"b":{"0":[0,0],"1":[0,0]}}
,"/home/shraN/React/Blinkist/blinkist-01/src/Theme/Theme.tsx": {"path":"/home/shraN/React/Blinkist/blinkist-01/src/Theme/Theme.tsx","statementMap":{"0":{"start":{"line":3,"column":21},"end":{"line":189,"column":2}}},"fnMap":{},"branchMap":{},"s":{"0":0},"f":{},"b":{}}
,"/home/shraN/React/Blinkist/blinkist-01/src/api/books.tsx": {"path":"/home/shraN/React/Blinkist/blinkist-01/src/api/books.tsx","statementMap":{},"fnMap":{},"branchMap":{},"s":{},"f":{},"b":{},"_coverageSchema":"1a1c01bbd47fc00a2c39e90264f33305004495a9","hash":"0d7d2054be179208109fae28758e5aba5442cdf1"}
,"/home/shraN/React/Blinkist/blinkist-01/src/components/atoms/Avatar/Avatar.tsx": {"path":"/home/shraN/React/Blinkist/blinkist-01/src/components/atoms/Avatar/Avatar.tsx","statementMap":{"0":{"start":{"line":3,"column":19},"end":{"line":8,"column":2}},"1":{"start":{"line":10,"column":23},"end":{"line":14,"column":1}},"2":{"start":{"line":11,"column":2},"end":{"line":13,"column":3}}},"fnMap":{"0":{"name":"(anonymous_0)","decl":{"start":{"line":10,"column":23},"end":{"line":10,"column":24}},"loc":{"start":{"line":10,"column":27},"end":{"line":14,"column":1}},"line":10}},"branchMap":{},"s":{"0":3,"1":3,"2":15},"f":{"0":15},"b":{},"_coverageSchema":"1a1c01bbd47fc00a2c39e90264f33305004495a9","hash":"4b58f9edd9ff65e42395ea786b2d828cb3080853"}
,"/home/shraN/React/Blinkist/blinkist-01/src/components/atoms/Buttons/CustomIconButton.stories.tsx": {"path":"/home/shraN/React/Blinkist/blinkist-01/src/components/atoms/Buttons/CustomIconButton.stories.tsx","statementMap":{"0":{"start":{"line":11,"column":59},"end":{"line":13,"column":1}},"1":{"start":{"line":12,"column":4},"end":{"line":12,"column":33}},"2":{"start":{"line":15,"column":23},"end":{"line":15,"column":40}},"3":{"start":{"line":17,"column":0},"end":{"line":20,"column":2}}},"fnMap":{"0":{"name":"(anonymous_0)","decl":{"start":{"line":11,"column":59},"end":{"line":11,"column":60}},"loc":{"start":{"line":12,"column":4},"end":{"line":12,"column":33}},"line":12}},"branchMap":{},"s":{"0":0,"1":0,"2":0,"3":0},"f":{"0":0},"b":{}}
,"/home/shraN/React/Blinkist/blinkist-01/src/components/atoms/Buttons/CustomIconButton.tsx": {"path":"/home/shraN/React/Blinkist/blinkist-01/src/components/atoms/Buttons/CustomIconButton.tsx","statementMap":{"0":{"start":{"line":12,"column":25},"end":{"line":18,"column":1}},"1":{"start":{"line":13,"column":4},"end":{"line":17,"column":6}}},"fnMap":{"0":{"name":"(anonymous_0)","decl":{"start":{"line":12,"column":25},"end":{"line":12,"column":26}},"loc":{"start":{"line":12,"column":57},"end":{"line":18,"column":1}},"line":12}},"branchMap":{},"s":{"0":2,"1":9},"f":{"0":9},"b":{},"_coverageSchema":"1a1c01bbd47fc00a2c39e90264f33305004495a9","hash":"7b34343d5b8e6d00d8e24b1574c0a86a951b9bfd"}
,"/home/shraN/React/Blinkist/blinkist-01/src/components/atoms/Buttons/DefaultButton.stories.tsx": {"path":"/home/shraN/React/Blinkist/blinkist-01/src/components/atoms/Buttons/DefaultButton.stories.tsx","statementMap":{"0":{"start":{"line":12,"column":55},"end":{"line":14,"column":1}},"1":{"start":{"line":13,"column":4},"end":{"line":13,"column":31}},"2":{"start":{"line":17,"column":23},"end":{"line":17,"column":40}},"3":{"start":{"line":18,"column":26},"end":{"line":18,"column":43}},"4":{"start":{"line":19,"column":29},"end":{"line":19,"column":46}},"5":{"start":{"line":21,"column":0},"end":{"line":25,"column":2}},"6":{"start":{"line":27,"column":0},"end":{"line":32,"column":2}},"7":{"start":{"line":33,"column":0},"end":{"line":36,"column":2}}},"fnMap":{"0":{"name":"(anonymous_0)","decl":{"start":{"line":12,"column":55},"end":{"line":12,"column":56}},"loc":{"start":{"line":13,"column":4},"end":{"line":13,"column":31}},"line":13}},"branchMap":{},"s":{"0":0,"1":0,"2":0,"3":0,"4":0,"5":0,"6":0,"7":0},"f":{"0":0},"b":{}}
,"/home/shraN/React/Blinkist/blinkist-01/src/components/atoms/Buttons/DefaultButton.tsx": {"path":"/home/shraN/React/Blinkist/blinkist-01/src/components/atoms/Buttons/DefaultButton.tsx","statementMap":{"0":{"start":{"line":13,"column":22},"end":{"line":28,"column":1}},"1":{"start":{"line":14,"column":2},"end":{"line":27,"column":4}}},"fnMap":{"0":{"name":"(anonymous_0)","decl":{"start":{"line":13,"column":22},"end":{"line":13,"column":23}},"loc":{"start":{"line":13,"column":53},"end":{"line":28,"column":1}},"line":13}},"branchMap":{},"s":{"0":1,"1":2},"f":{"0":2},"b":{},"_coverageSchema":"1a1c01bbd47fc00a2c39e90264f33305004495a9","hash":"8811a6df7fbc6f564e3f2ebb769a4b5a256ffc2a"}
,"/home/shraN/React/Blinkist/blinkist-01/src/components/atoms/Buttons/EndIconButton.stories.tsx": {"path":"/home/shraN/React/Blinkist/blinkist-01/src/components/atoms/Buttons/EndIconButton.stories.tsx","statementMap":{"0":{"start":{"line":11,"column":55},"end":{"line":13,"column":1}},"1":{"start":{"line":12,"column":4},"end":{"line":12,"column":31}},"2":{"start":{"line":15,"column":23},"end":{"line":15,"column":40}},"3":{"start":{"line":17,"column":0},"end":{"line":21,"column":2}}},"fnMap":{"0":{"name":"(anonymous_0)","decl":{"start":{"line":11,"column":55},"end":{"line":11,"column":56}},"loc":{"start":{"line":12,"column":4},"end":{"line":12,"column":31}},"line":12}},"branchMap":{},"s":{"0":0,"1":0,"2":0,"3":0},"f":{"0":0},"b":{}}
,"/home/shraN/React/Blinkist/blinkist-01/src/components/atoms/Buttons/EndIconButton.tsx": {"path":"/home/shraN/React/Blinkist/blinkist-01/src/components/atoms/Buttons/EndIconButton.tsx","statementMap":{"0":{"start":{"line":15,"column":22},"end":{"line":30,"column":1}},"1":{"start":{"line":16,"column":2},"end":{"line":29,"column":4}}},"fnMap":{"0":{"name":"(anonymous_0)","decl":{"start":{"line":15,"column":22},"end":{"line":15,"column":23}},"loc":{"start":{"line":15,"column":53},"end":{"line":30,"column":1}},"line":15}},"branchMap":{},"s":{"0":1,"1":3},"f":{"0":3},"b":{},"_coverageSchema":"1a1c01bbd47fc00a2c39e90264f33305004495a9","hash":"2b788e10a988743ac475a36c190862fae1b561e0"}
,"/home/shraN/React/Blinkist/blinkist-01/src/components/atoms/Logo/Logo.stories.tsx": {"path":"/home/shraN/React/Blinkist/blinkist-01/src/components/atoms/Logo/Logo.stories.tsx","statementMap":{"0":{"start":{"line":10,"column":46},"end":{"line":10,"column":65}},"1":{"start":{"line":10,"column":57},"end":{"line":10,"column":64}},"2":{"start":{"line":12,"column":23},"end":{"line":12,"column":40}}},"fnMap":{"0":{"name":"(anonymous_0)","decl":{"start":{"line":10,"column":46},"end":{"line":10,"column":47}},"loc":{"start":{"line":10,"column":57},"end":{"line":10,"column":64}},"line":10}},"branchMap":{},"s":{"0":0,"1":0,"2":0},"f":{"0":0},"b":{}}
,"/home/shraN/React/Blinkist/blinkist-01/src/components/atoms/Logo/Logo.tsx": {"path":"/home/shraN/React/Blinkist/blinkist-01/src/components/atoms/Logo/Logo.tsx","statementMap":{"0":{"start":{"line":5,"column":2},"end":{"line":14,"column":4}}},"fnMap":{"0":{"name":"Logo","decl":{"start":{"line":4,"column":24},"end":{"line":4,"column":28}},"loc":{"start":{"line":4,"column":31},"end":{"line":15,"column":1}},"line":4}},"branchMap":{},"s":{"0":8},"f":{"0":8},"b":{},"_coverageSchema":"1a1c01bbd47fc00a2c39e90264f33305004495a9","hash":"379e13f2e723dd4337b88882b8c9d24643ccf3cd"}
,"/home/shraN/React/Blinkist/blinkist-01/src/components/atoms/Progress/Progress.tsx": {"path":"/home/shraN/React/Blinkist/blinkist-01/src/components/atoms/Progress/Progress.tsx","statementMap":{"0":{"start":{"line":9,"column":12},"end":{"line":15,"column":2}},"1":{"start":{"line":17,"column":24},"end":{"line":29,"column":1}},"2":{"start":{"line":18,"column":2},"end":{"line":28,"column":4}}},"fnMap":{"0":{"name":"(anonymous_0)","decl":{"start":{"line":17,"column":24},"end":{"line":17,"column":25}},"loc":{"start":{"line":17,"column":49},"end":{"line":29,"column":1}},"line":17}},"branchMap":{},"s":{"0":4,"1":4,"2":23},"f":{"0":23},"b":{},"_coverageSchema":"1a1c01bbd47fc00a2c39e90264f33305004495a9","hash":"d828087d56508f823b2b141403b0759839ca166e"}
,"/home/shraN/React/Blinkist/blinkist-01/src/components/molecules/Account/AccountDrop.stories.tsx": {"path":"/home/shraN/React/Blinkist/blinkist-01/src/components/molecules/Account/AccountDrop.stories.tsx","statementMap":{"0":{"start":{"line":10,"column":53},"end":{"line":12,"column":1}},"1":{"start":{"line":11,"column":4},"end":{"line":11,"column":18}},"2":{"start":{"line":14,"column":23},"end":{"line":14,"column":40}}},"fnMap":{"0":{"name":"(anonymous_0)","decl":{"start":{"line":10,"column":53},"end":{"line":10,"column":54}},"loc":{"start":{"line":11,"column":4},"end":{"line":11,"column":18}},"line":11}},"branchMap":{},"s":{"0":0,"1":0,"2":0},"f":{"0":0},"b":{}}
,"/home/shraN/React/Blinkist/blinkist-01/src/components/molecules/Account/AccountDrop.tsx": {"path":"/home/shraN/React/Blinkist/blinkist-01/src/components/molecules/Account/AccountDrop.tsx","statementMap":{"0":{"start":{"line":11,"column":30},"end":{"line":11,"column":51}},"1":{"start":{"line":12,"column":34},"end":{"line":12,"column":74}},"2":{"start":{"line":13,"column":15},"end":{"line":13,"column":32}},"3":{"start":{"line":15,"column":22},"end":{"line":21,"column":3}},"4":{"start":{"line":16,"column":4},"end":{"line":16,"column":37}},"5":{"start":{"line":17,"column":4},"end":{"line":19,"column":5}},"6":{"start":{"line":18,"column":6},"end":{"line":18,"column":20}},"7":{"start":{"line":20,"column":4},"end":{"line":20,"column":23}},"8":{"start":{"line":23,"column":22},"end":{"line":26,"column":3}},"9":{"start":{"line":24,"column":4},"end":{"line":24,"column":21}},"10":{"start":{"line":25,"column":4},"end":{"line":25,"column":22}},"11":{"start":{"line":28,"column":21},"end":{"line":28,"column":31}},"12":{"start":{"line":30,"column":2},"end":{"line":59,"column":4}},"13":{"start":{"line":53,"column":35},"end":{"line":53,"column":43}}},"fnMap":{"0":{"name":"AccountDrop","decl":{"start":{"line":10,"column":24},"end":{"line":10,"column":35}},"loc":{"start":{"line":10,"column":38},"end":{"line":60,"column":1}},"line":10},"1":{"name":"(anonymous_1)","decl":{"start":{"line":15,"column":22},"end":{"line":15,"column":23}},"loc":{"start":{"line":15,"column":70},"end":{"line":21,"column":3}},"line":15},"2":{"name":"(anonymous_2)","decl":{"start":{"line":23,"column":22},"end":{"line":23,"column":23}},"loc":{"start":{"line":23,"column":28},"end":{"line":26,"column":3}},"line":23},"3":{"name":"(anonymous_3)","decl":{"start":{"line":53,"column":31},"end":{"line":53,"column":32}},"loc":{"start":{"line":53,"column":35},"end":{"line":53,"column":43}},"line":53}},"branchMap":{"0":{"loc":{"start":{"line":17,"column":4},"end":{"line":19,"column":5}},"type":"if","locations":[{"start":{"line":17,"column":4},"end":{"line":19,"column":5}},{"start":{},"end":{}}],"line":17},"1":{"loc":{"start":{"line":34,"column":25},"end":{"line":34,"column":58}},"type":"cond-expr","locations":[{"start":{"line":34,"column":32},"end":{"line":34,"column":46}},{"start":{"line":34,"column":49},"end":{"line":34,"column":58}}],"line":34},"2":{"loc":{"start":{"line":36,"column":25},"end":{"line":36,"column":50}},"type":"cond-expr","locations":[{"start":{"line":36,"column":32},"end":{"line":36,"column":38}},{"start":{"line":36,"column":41},"end":{"line":36,"column":50}}],"line":36}},"s":{"0":14,"1":14,"2":14,"3":14,"4":4,"5":4,"6":2,"7":4,"8":14,"9":2,"10":2,"11":14,"12":14,"13":0},"f":{"0":14,"1":4,"2":2,"3":0},"b":{"0":[2,2],"1":[2,12],"2":[2,12]},"_coverageSchema":"1a1c01bbd47fc00a2c39e90264f33305004495a9","hash":"9e4c33a0418070135e16ad796659e25c886df129"}
,"/home/shraN/React/Blinkist/blinkist-01/src/components/molecules/BookCard/BookCard.stories.tsx": {"path":"/home/shraN/React/Blinkist/blinkist-01/src/components/molecules/BookCard/BookCard.stories.tsx","statementMap":{"0":{"start":{"line":11,"column":50},"end":{"line":13,"column":1}},"1":{"start":{"line":12,"column":4},"end":{"line":12,"column":42}},"2":{"start":{"line":15,"column":23},"end":{"line":15,"column":40}},"3":{"start":{"line":17,"column":0},"end":{"line":26,"column":4}},"4":{"start":{"line":28,"column":25},"end":{"line":28,"column":42}},"5":{"start":{"line":30,"column":2},"end":{"line":39,"column":4}}},"fnMap":{"0":{"name":"(anonymous_0)","decl":{"start":{"line":11,"column":50},"end":{"line":11,"column":51}},"loc":{"start":{"line":12,"column":4},"end":{"line":12,"column":42}},"line":12}},"branchMap":{},"s":{"0":0,"1":0,"2":0,"3":0,"4":0,"5":0},"f":{"0":0},"b":{}}
,"/home/shraN/React/Blinkist/blinkist-01/src/components/molecules/BookCard/BookCard.tsx": {"path":"/home/shraN/React/Blinkist/blinkist-01/src/components/molecules/BookCard/BookCard.tsx","statementMap":{"0":{"start":{"line":16,"column":21},"end":{"line":103,"column":2}},"1":{"start":{"line":120,"column":17},"end":{"line":120,"column":30}},"2":{"start":{"line":123,"column":21},"end":{"line":128,"column":5}},"3":{"start":{"line":124,"column":6},"end":{"line":127,"column":9}},"4":{"start":{"line":129,"column":4},"end":{"line":129,"column":15}},"5":{"start":{"line":133,"column":21},"end":{"line":138,"column":5}},"6":{"start":{"line":134,"column":6},"end":{"line":137,"column":9}},"7":{"start":{"line":139,"column":4},"end":{"line":139,"column":15}},"8":{"start":{"line":144,"column":21},"end":{"line":151,"column":5}},"9":{"start":{"line":145,"column":6},"end":{"line":150,"column":46}},"10":{"start":{"line":149,"column":20},"end":{"line":149,"column":39}},"11":{"start":{"line":150,"column":26},"end":{"line":150,"column":44}},"12":{"start":{"line":152,"column":4},"end":{"line":152,"column":18}},"13":{"start":{"line":153,"column":4},"end":{"line":153,"column":15}},"14":{"start":{"line":156,"column":2},"end":{"line":283,"column":4}},"15":{"start":{"line":211,"column":31},"end":{"line":211,"column":46}},"16":{"start":{"line":242,"column":31},"end":{"line":242,"column":42}},"17":{"start":{"line":257,"column":31},"end":{"line":257,"column":45}}},"fnMap":{"0":{"name":"BookCard","decl":{"start":{"line":118,"column":24},"end":{"line":118,"column":32}},"loc":{"start":{"line":118,"column":55},"end":{"line":284,"column":1}},"line":118},"1":{"name":"finishReading","decl":{"start":{"line":122,"column":11},"end":{"line":122,"column":24}},"loc":{"start":{"line":122,"column":27},"end":{"line":130,"column":3}},"line":122},"2":{"name":"(anonymous_2)","decl":{"start":{"line":123,"column":21},"end":{"line":123,"column":22}},"loc":{"start":{"line":123,"column":33},"end":{"line":128,"column":5}},"line":123},"3":{"name":"readAgain","decl":{"start":{"line":132,"column":11},"end":{"line":132,"column":20}},"loc":{"start":{"line":132,"column":23},"end":{"line":140,"column":3}},"line":132},"4":{"name":"(anonymous_4)","decl":{"start":{"line":133,"column":21},"end":{"line":133,"column":22}},"loc":{"start":{"line":133,"column":33},"end":{"line":138,"column":5}},"line":133},"5":{"name":"addToLibrary","decl":{"start":{"line":143,"column":11},"end":{"line":143,"column":23}},"loc":{"start":{"line":143,"column":26},"end":{"line":154,"column":3}},"line":143},"6":{"name":"(anonymous_6)","decl":{"start":{"line":144,"column":21},"end":{"line":144,"column":22}},"loc":{"start":{"line":144,"column":33},"end":{"line":151,"column":5}},"line":144},"7":{"name":"(anonymous_7)","decl":{"start":{"line":149,"column":14},"end":{"line":149,"column":15}},"loc":{"start":{"line":149,"column":20},"end":{"line":149,"column":39}},"line":149},"8":{"name":"(anonymous_8)","decl":{"start":{"line":150,"column":15},"end":{"line":150,"column":16}},"loc":{"start":{"line":150,"column":26},"end":{"line":150,"column":44}},"line":150},"9":{"name":"(anonymous_9)","decl":{"start":{"line":211,"column":25},"end":{"line":211,"column":26}},"loc":{"start":{"line":211,"column":31},"end":{"line":211,"column":46}},"line":211},"10":{"name":"(anonymous_10)","decl":{"start":{"line":242,"column":25},"end":{"line":242,"column":26}},"loc":{"start":{"line":242,"column":31},"end":{"line":242,"column":42}},"line":242},"11":{"name":"(anonymous_11)","decl":{"start":{"line":257,"column":25},"end":{"line":257,"column":26}},"loc":{"start":{"line":257,"column":31},"end":{"line":257,"column":45}},"line":257}},"branchMap":{"0":{"loc":{"start":{"line":206,"column":13},"end":{"line":220,"column":13}},"type":"binary-expr","locations":[{"start":{"line":206,"column":13},"end":{"line":206,"column":24}},{"start":{"line":206,"column":28},"end":{"line":206,"column":47}},{"start":{"line":206,"column":51},"end":{"line":206,"column":68}},{"start":{"line":207,"column":14},"end":{"line":219,"column":23}}],"line":206},"1":{"loc":{"start":{"line":221,"column":13},"end":{"line":236,"column":13}},"type":"binary-expr","locations":[{"start":{"line":221,"column":13},"end":{"line":221,"column":23}},{"start":{"line":221,"column":27},"end":{"line":221,"column":46}},{"start":{"line":222,"column":14},"end":{"line":235,"column":23}}],"line":221},"2":{"loc":{"start":{"line":237,"column":13},"end":{"line":251,"column":13}},"type":"binary-expr","locations":[{"start":{"line":237,"column":13},"end":{"line":237,"column":24}},{"start":{"line":237,"column":28},"end":{"line":237,"column":44}},{"start":{"line":238,"column":14},"end":{"line":250,"column":23}}],"line":237},"3":{"loc":{"start":{"line":252,"column":13},"end":{"line":267,"column":13}},"type":"binary-expr","locations":[{"start":{"line":252,"column":13},"end":{"line":252,"column":33}},{"start":{"line":253,"column":14},"end":{"line":266,"column":23}}],"line":252},"4":{"loc":{"start":{"line":269,"column":11},"end":{"line":273,"column":11}},"type":"binary-expr","locations":[{"start":{"line":269,"column":11},"end":{"line":269,"column":30}},{"start":{"line":269,"column":34},"end":{"line":269,"column":51}},{"start":{"line":270,"column":12},"end":{"line":272,"column":18}}],"line":269},"5":{"loc":{"start":{"line":275,"column":11},"end":{"line":279,"column":11}},"type":"binary-expr","locations":[{"start":{"line":275,"column":11},"end":{"line":275,"column":30}},{"start":{"line":275,"column":34},"end":{"line":275,"column":50}},{"start":{"line":276,"column":12},"end":{"line":278,"column":18}}],"line":275}},"s":{"0":3,"1":42,"2":1,"3":1,"4":1,"5":1,"6":1,"7":1,"8":1,"9":1,"10":0,"11":0,"12":1,"13":1,"14":42,"15":1,"16":1,"17":1},"f":{"0":42,"1":1,"2":1,"3":1,"4":1,"5":1,"6":1,"7":0,"8":0,"9":1,"10":1,"11":1},"b":{"0":[42,42,22,13],"1":[42,0,0],"2":[42,42,9],"3":[42,20],"4":[42,22,13],"5":[42,22,9]},"_coverageSchema":"1a1c01bbd47fc00a2c39e90264f33305004495a9","hash":"50e3b2c06246fcc3bb01643949fa3e3fab179f43"}
,"/home/shraN/React/Blinkist/blinkist-01/src/components/molecules/Search/SearchInput.tsx": {"path":"/home/shraN/React/Blinkist/blinkist-01/src/components/molecules/Search/SearchInput.tsx","statementMap":{"0":{"start":{"line":12,"column":38},"end":{"line":12,"column":50}},"1":{"start":{"line":13,"column":23},"end":{"line":16,"column":3}},"2":{"start":{"line":14,"column":4},"end":{"line":14,"column":38}},"3":{"start":{"line":15,"column":4},"end":{"line":15,"column":39}},"4":{"start":{"line":18,"column":2},"end":{"line":36,"column":4}}},"fnMap":{"0":{"name":"SearchInput","decl":{"start":{"line":11,"column":24},"end":{"line":11,"column":35}},"loc":{"start":{"line":11,"column":50},"end":{"line":37,"column":1}},"line":11},"1":{"name":"(anonymous_1)","decl":{"start":{"line":13,"column":23},"end":{"line":13,"column":24}},"loc":{"start":{"line":13,"column":71},"end":{"line":16,"column":3}},"line":13}},"branchMap":{},"s":{"0":4,"1":4,"2":2,"3":2,"4":4},"f":{"0":4,"1":2},"b":{},"_coverageSchema":"1a1c01bbd47fc00a2c39e90264f33305004495a9","hash":"a0ada205a98807f3419dd9e8bd7e7bceaef82236"}
,"/home/shraN/React/Blinkist/blinkist-01/src/components/molecules/Search/Searchinput.stories.tsx": {"path":"/home/shraN/React/Blinkist/blinkist-01/src/components/molecules/Search/Searchinput.stories.tsx","statementMap":{"0":{"start":{"line":10,"column":53},"end":{"line":12,"column":1}},"1":{"start":{"line":11,"column":4},"end":{"line":11,"column":28}},"2":{"start":{"line":14,"column":23},"end":{"line":14,"column":40}}},"fnMap":{"0":{"name":"(anonymous_0)","decl":{"start":{"line":10,"column":53},"end":{"line":10,"column":54}},"loc":{"start":{"line":11,"column":4},"end":{"line":11,"column":28}},"line":11}},"branchMap":{},"s":{"0":0,"1":0,"2":0},"f":{"0":0},"b":{}}
,"/home/shraN/React/Blinkist/blinkist-01/src/components/organisms/Explore/ExploreDialog.stories.tsx": {"path":"/home/shraN/React/Blinkist/blinkist-01/src/components/organisms/Explore/ExploreDialog.stories.tsx","statementMap":{"0":{"start":{"line":11,"column":56},"end":{"line":15,"column":1}},"1":{"start":{"line":12,"column":2},"end":{"line":14,"column":11}},"2":{"start":{"line":17,"column":23},"end":{"line":17,"column":40}}},"fnMap":{"0":{"name":"(anonymous_0)","decl":{"start":{"line":11,"column":56},"end":{"line":11,"column":57}},"loc":{"start":{"line":12,"column":2},"end":{"line":14,"column":11}},"line":12}},"branchMap":{},"s":{"0":0,"1":0,"2":0},"f":{"0":0},"b":{}}
,"/home/shraN/React/Blinkist/blinkist-01/src/components/organisms/Explore/ExploreDialog.tsx": {"path":"/home/shraN/React/Blinkist/blinkist-01/src/components/organisms/Explore/ExploreDialog.tsx","statementMap":{"0":{"start":{"line":13,"column":14},"end":{"line":83,"column":2}},"1":{"start":{"line":85,"column":23},"end":{"line":97,"column":2}},"2":{"start":{"line":99,"column":16},"end":{"line":105,"column":2}},"3":{"start":{"line":109,"column":16},"end":{"line":109,"column":27}},"4":{"start":{"line":111,"column":34},"end":{"line":111,"column":74}},"5":{"start":{"line":112,"column":26},"end":{"line":112,"column":43}},"6":{"start":{"line":114,"column":15},"end":{"line":114,"column":32}},"7":{"start":{"line":115,"column":22},"end":{"line":118,"column":3}},"8":{"start":{"line":116,"column":4},"end":{"line":116,"column":37}},"9":{"start":{"line":117,"column":4},"end":{"line":117,"column":35}},"10":{"start":{"line":119,"column":22},"end":{"line":122,"column":3}},"11":{"start":{"line":120,"column":4},"end":{"line":120,"column":22}},"12":{"start":{"line":121,"column":4},"end":{"line":121,"column":35}},"13":{"start":{"line":124,"column":2},"end":{"line":224,"column":4}},"14":{"start":{"line":199,"column":16},"end":{"line":215,"column":18}}},"fnMap":{"0":{"name":"ExploreDialog","decl":{"start":{"line":107,"column":24},"end":{"line":107,"column":37}},"loc":{"start":{"line":107,"column":40},"end":{"line":225,"column":1}},"line":107},"1":{"name":"(anonymous_1)","decl":{"start":{"line":115,"column":22},"end":{"line":115,"column":23}},"loc":{"start":{"line":115,"column":70},"end":{"line":118,"column":3}},"line":115},"2":{"name":"(anonymous_2)","decl":{"start":{"line":119,"column":22},"end":{"line":119,"column":23}},"loc":{"start":{"line":119,"column":28},"end":{"line":122,"column":3}},"line":119},"3":{"name":"(anonymous_3)","decl":{"start":{"line":198,"column":30},"end":{"line":198,"column":31}},"loc":{"start":{"line":198,"column":71},"end":{"line":216,"column":15}},"line":198}},"branchMap":{"0":{"loc":{"start":{"line":117,"column":4},"end":{"line":117,"column":34}},"type":"cond-expr","locations":[{"start":{"line":117,"column":11},"end":{"line":117,"column":21}},{"start":{"line":117,"column":24},"end":{"line":117,"column":34}}],"line":117},"1":{"loc":{"start":{"line":121,"column":4},"end":{"line":121,"column":34}},"type":"cond-expr","locations":[{"start":{"line":121,"column":11},"end":{"line":121,"column":21}},{"start":{"line":121,"column":24},"end":{"line":121,"column":34}}],"line":121},"2":{"loc":{"start":{"line":128,"column":19},"end":{"line":128,"column":63}},"type":"cond-expr","locations":[{"start":{"line":128,"column":32},"end":{"line":128,"column":46}},{"start":{"line":128,"column":49},"end":{"line":128,"column":63}}],"line":128},"3":{"loc":{"start":{"line":138,"column":14},"end":{"line":138,"column":73}},"type":"cond-expr","locations":[{"start":{"line":138,"column":27},"end":{"line":138,"column":50}},{"start":{"line":138,"column":53},"end":{"line":138,"column":73}}],"line":138}},"s":{"0":2,"1":2,"2":2,"3":15,"4":15,"5":15,"6":15,"7":15,"8":6,"9":6,"10":15,"11":2,"12":2,"13":15,"14":270},"f":{"0":15,"1":6,"2":2,"3":270},"b":{"0":[2,4],"1":[2,0],"2":[11,4],"3":[11,4]},"_coverageSchema":"1a1c01bbd47fc00a2c39e90264f33305004495a9","hash":"89c8c14b4c289fb40a8ad2fa0bfaf53239787192"}
,"/home/shraN/React/Blinkist/blinkist-01/src/components/organisms/Footer/Footer.stories.tsx": {"path":"/home/shraN/React/Blinkist/blinkist-01/src/components/organisms/Footer/Footer.stories.tsx","statementMap":{"0":{"start":{"line":10,"column":48},"end":{"line":14,"column":1}},"1":{"start":{"line":12,"column":4},"end":{"line":12,"column":14}},"2":{"start":{"line":16,"column":23},"end":{"line":16,"column":40}}},"fnMap":{"0":{"name":"(anonymous_0)","decl":{"start":{"line":10,"column":48},"end":{"line":10,"column":49}},"loc":{"start":{"line":12,"column":4},"end":{"line":12,"column":14}},"line":12}},"branchMap":{},"s":{"0":0,"1":0,"2":0},"f":{"0":0},"b":{}}
,"/home/shraN/React/Blinkist/blinkist-01/src/components/organisms/Footer/Footer.tsx": {"path":"/home/shraN/React/Blinkist/blinkist-01/src/components/organisms/Footer/Footer.tsx","statementMap":{"0":{"start":{"line":16,"column":14},"end":{"line":29,"column":2}},"1":{"start":{"line":32,"column":2},"end":{"line":143,"column":4}}},"fnMap":{"0":{"name":"Footer","decl":{"start":{"line":31,"column":24},"end":{"line":31,"column":30}},"loc":{"start":{"line":31,"column":33},"end":{"line":144,"column":1}},"line":31}},"branchMap":{},"s":{"0":1,"1":1},"f":{"0":1},"b":{},"_coverageSchema":"1a1c01bbd47fc00a2c39e90264f33305004495a9","hash":"68464ec066ee8a09fc3b1a2f79d775e606f3f71a"}
,"/home/shraN/React/Blinkist/blinkist-01/src/components/organisms/Grid/CardGrid.stories.tsx": {"path":"/home/shraN/React/Blinkist/blinkist-01/src/components/organisms/Grid/CardGrid.stories.tsx","statementMap":{"0":{"start":{"line":12,"column":50},"end":{"line":16,"column":1}},"1":{"start":{"line":13,"column":2},"end":{"line":15,"column":11}},"2":{"start":{"line":18,"column":23},"end":{"line":18,"column":40}},"3":{"start":{"line":20,"column":0},"end":{"line":22,"column":2}}},"fnMap":{"0":{"name":"(anonymous_0)","decl":{"start":{"line":12,"column":50},"end":{"line":12,"column":51}},"loc":{"start":{"line":13,"column":2},"end":{"line":15,"column":11}},"line":13}},"branchMap":{},"s":{"0":0,"1":0,"2":0,"3":0},"f":{"0":0},"b":{}}
,"/home/shraN/React/Blinkist/blinkist-01/src/components/organisms/Grid/CardGrid.tsx": {"path":"/home/shraN/React/Blinkist/blinkist-01/src/components/organisms/Grid/CardGrid.tsx","statementMap":{"0":{"start":{"line":23,"column":17},"end":{"line":66,"column":1}},"1":{"start":{"line":24,"column":2},"end":{"line":65,"column":4}},"2":{"start":{"line":27,"column":8},"end":{"line":46,"column":9}},"3":{"start":{"line":28,"column":10},"end":{"line":45,"column":12}},"4":{"start":{"line":47,"column":8},"end":{"line":62,"column":10}}},"fnMap":{"0":{"name":"(anonymous_0)","decl":{"start":{"line":23,"column":17},"end":{"line":23,"column":18}},"loc":{"start":{"line":23,"column":43},"end":{"line":66,"column":1}},"line":23},"1":{"name":"(anonymous_1)","decl":{"start":{"line":26,"column":23},"end":{"line":26,"column":24}},"loc":{"start":{"line":26,"column":54},"end":{"line":63,"column":7}},"line":26}},"branchMap":{"0":{"loc":{"start":{"line":27,"column":8},"end":{"line":46,"column":9}},"type":"if","locations":[{"start":{"line":27,"column":8},"end":{"line":46,"column":9}},{"start":{},"end":{}}],"line":27}},"s":{"0":2,"1":9,"2":24,"3":4,"4":20},"f":{"0":9,"1":24},"b":{"0":[4,20]},"_coverageSchema":"1a1c01bbd47fc00a2c39e90264f33305004495a9","hash":"1fe4ac6b031da87b3b7f66c000edcc84a88f9ff0"}
,"/home/shraN/React/Blinkist/blinkist-01/src/components/organisms/MainHeader/MainHeader.stories.tsx": {"path":"/home/shraN/React/Blinkist/blinkist-01/src/components/organisms/MainHeader/MainHeader.stories.tsx","statementMap":{"0":{"start":{"line":11,"column":52},"end":{"line":15,"column":1}},"1":{"start":{"line":12,"column":2},"end":{"line":14,"column":11}},"2":{"start":{"line":17,"column":23},"end":{"line":17,"column":40}}},"fnMap":{"0":{"name":"(anonymous_0)","decl":{"start":{"line":11,"column":52},"end":{"line":11,"column":53}},"loc":{"start":{"line":12,"column":2},"end":{"line":14,"column":11}},"line":12}},"branchMap":{},"s":{"0":0,"1":0,"2":0},"f":{"0":0},"b":{}}
,"/home/shraN/React/Blinkist/blinkist-01/src/components/organisms/MainHeader/MainHeader.tsx": {"path":"/home/shraN/React/Blinkist/blinkist-01/src/components/organisms/MainHeader/MainHeader.tsx","statementMap":{"0":{"start":{"line":13,"column":38},"end":{"line":13,"column":53}},"1":{"start":{"line":15,"column":26},"end":{"line":15,"column":41}},"2":{"start":{"line":17,"column":22},"end":{"line":20,"column":3}},"3":{"start":{"line":18,"column":4},"end":{"line":18,"column":31}},"4":{"start":{"line":19,"column":4},"end":{"line":19,"column":19}},"5":{"start":{"line":22,"column":2},"end":{"line":87,"column":4}}},"fnMap":{"0":{"name":"MainHeader","decl":{"start":{"line":11,"column":24},"end":{"line":11,"column":34}},"loc":{"start":{"line":11,"column":37},"end":{"line":88,"column":1}},"line":11},"1":{"name":"(anonymous_1)","decl":{"start":{"line":17,"column":22},"end":{"line":17,"column":23}},"loc":{"start":{"line":17,"column":28},"end":{"line":20,"column":3}},"line":17}},"branchMap":{"0":{"loc":{"start":{"line":72,"column":5},"end":{"line":85,"column":14}},"type":"cond-expr","locations":[{"start":{"line":73,"column":8},"end":{"line":84,"column":19}},{"start":{"line":85,"column":10},"end":{"line":85,"column":14}}],"line":72}},"s":{"0":7,"1":7,"2":7,"3":2,"4":2,"5":7},"f":{"0":7,"1":2},"b":{"0":[1,6]},"_coverageSchema":"1a1c01bbd47fc00a2c39e90264f33305004495a9","hash":"7930045dc85f09acfa2b6fba72bf3982373c973e"}
,"/home/shraN/React/Blinkist/blinkist-01/src/components/organisms/MyLibrary/MyLibrary.stories.tsx": {"path":"/home/shraN/React/Blinkist/blinkist-01/src/components/organisms/MyLibrary/MyLibrary.stories.tsx","statementMap":{"0":{"start":{"line":11,"column":54},"end":{"line":15,"column":1}},"1":{"start":{"line":12,"column":2},"end":{"line":14,"column":18}},"2":{"start":{"line":17,"column":23},"end":{"line":17,"column":40}}},"fnMap":{"0":{"name":"(anonymous_0)","decl":{"start":{"line":11,"column":54},"end":{"line":11,"column":55}},"loc":{"start":{"line":12,"column":2},"end":{"line":14,"column":18}},"line":12}},"branchMap":{},"s":{"0":0,"1":0,"2":0},"f":{"0":0},"b":{}}
,"/home/shraN/React/Blinkist/blinkist-01/src/components/organisms/MyLibrary/MyLibrary.tsx": {"path":"/home/shraN/React/Blinkist/blinkist-01/src/components/organisms/MyLibrary/MyLibrary.tsx","statementMap":{"0":{"start":{"line":12,"column":21},"end":{"line":21,"column":2}},"1":{"start":{"line":24,"column":28},"end":{"line":24,"column":56}},"2":{"start":{"line":25,"column":60},"end":{"line":25,"column":72}},"3":{"start":{"line":26,"column":44},"end":{"line":26,"column":56}},"4":{"start":{"line":28,"column":23},"end":{"line":30,"column":3}},"5":{"start":{"line":29,"column":4},"end":{"line":29,"column":23}},"6":{"start":{"line":32,"column":24},"end":{"line":50,"column":3}},"7":{"start":{"line":34,"column":4},"end":{"line":48,"column":5}},"8":{"start":{"line":35,"column":6},"end":{"line":40,"column":9}},"9":{"start":{"line":42,"column":6},"end":{"line":47,"column":9}},"10":{"start":{"line":49,"column":4},"end":{"line":49,"column":25}},"11":{"start":{"line":52,"column":2},"end":{"line":64,"column":5}},"12":{"start":{"line":53,"column":21},"end":{"line":62,"column":5}},"13":{"start":{"line":54,"column":22},"end":{"line":54,"column":61}},"14":{"start":{"line":55,"column":21},"end":{"line":55,"column":52}},"15":{"start":{"line":56,"column":6},"end":{"line":56,"column":42}},"16":{"start":{"line":57,"column":6},"end":{"line":57,"column":33}},"17":{"start":{"line":58,"column":6},"end":{"line":61,"column":8}},"18":{"start":{"line":63,"column":4},"end":{"line":63,"column":15}},"19":{"start":{"line":66,"column":2},"end":{"line":116,"column":4}}},"fnMap":{"0":{"name":"MyLibraryTab","decl":{"start":{"line":23,"column":24},"end":{"line":23,"column":36}},"loc":{"start":{"line":23,"column":39},"end":{"line":117,"column":1}},"line":23},"1":{"name":"(anonymous_1)","decl":{"start":{"line":28,"column":23},"end":{"line":28,"column":24}},"loc":{"start":{"line":28,"column":75},"end":{"line":30,"column":3}},"line":28},"2":{"name":"(anonymous_2)","decl":{"start":{"line":32,"column":24},"end":{"line":32,"column":25}},"loc":{"start":{"line":32,"column":47},"end":{"line":50,"column":3}},"line":32},"3":{"name":"(anonymous_3)","decl":{"start":{"line":52,"column":12},"end":{"line":52,"column":13}},"loc":{"start":{"line":52,"column":18},"end":{"line":64,"column":3}},"line":52},"4":{"name":"(anonymous_4)","decl":{"start":{"line":53,"column":21},"end":{"line":53,"column":22}},"loc":{"start":{"line":53,"column":33},"end":{"line":62,"column":5}},"line":53}},"branchMap":{"0":{"loc":{"start":{"line":34,"column":4},"end":{"line":48,"column":5}},"type":"if","locations":[{"start":{"line":34,"column":4},"end":{"line":48,"column":5}},{"start":{"line":41,"column":11},"end":{"line":48,"column":5}}],"line":34}},"s":{"0":1,"1":5,"2":5,"3":5,"4":5,"5":1,"6":5,"7":5,"8":5,"9":0,"10":0,"11":5,"12":5,"13":5,"14":0,"15":0,"16":0,"17":0,"18":5,"19":5},"f":{"0":5,"1":1,"2":5,"3":5,"4":5},"b":{"0":[5,0]},"_coverageSchema":"1a1c01bbd47fc00a2c39e90264f33305004495a9","hash":"b0889e6cec9e9597911e42edab6c830091e47e82"}
,"/home/shraN/React/Blinkist/blinkist-01/src/components/pages/BookDetails/BookDetails.stories.tsx": {"path":"/home/shraN/React/Blinkist/blinkist-01/src/components/pages/BookDetails/BookDetails.stories.tsx","statementMap":{"0":{"start":{"line":10,"column":53},"end":{"line":12,"column":1}},"1":{"start":{"line":11,"column":4},"end":{"line":11,"column":18}},"2":{"start":{"line":14,"column":23},"end":{"line":14,"column":40}}},"fnMap":{"0":{"name":"(anonymous_0)","decl":{"start":{"line":10,"column":53},"end":{"line":10,"column":54}},"loc":{"start":{"line":11,"column":4},"end":{"line":11,"column":18}},"line":11}},"branchMap":{},"s":{"0":0,"1":0,"2":0},"f":{"0":0},"b":{}}
,"/home/shraN/React/Blinkist/blinkist-01/src/components/pages/BookDetails/BookDetails.tsx": {"path":"/home/shraN/React/Blinkist/blinkist-01/src/components/pages/BookDetails/BookDetails.tsx","statementMap":{"0":{"start":{"line":27,"column":14},"end":{"line":88,"column":2}},"1":{"start":{"line":91,"column":28},"end":{"line":91,"column":41}},"2":{"start":{"line":93,"column":23},"end":{"line":95,"column":3}},"3":{"start":{"line":94,"column":4},"end":{"line":94,"column":23}},"4":{"start":{"line":97,"column":2},"end":{"line":270,"column":4}}},"fnMap":{"0":{"name":"BookInfo","decl":{"start":{"line":90,"column":24},"end":{"line":90,"column":32}},"loc":{"start":{"line":90,"column":45},"end":{"line":271,"column":1}},"line":90},"1":{"name":"(anonymous_1)","decl":{"start":{"line":93,"column":23},"end":{"line":93,"column":24}},"loc":{"start":{"line":93,"column":74},"end":{"line":95,"column":3}},"line":93}},"branchMap":{},"s":{"0":0,"1":0,"2":0,"3":0,"4":0},"f":{"0":0,"1":0},"b":{}}
,"/home/shraN/React/Blinkist/blinkist-01/src/components/pages/ExplorePage/ExplorePage.stories.tsx": {"path":"/home/shraN/React/Blinkist/blinkist-01/src/components/pages/ExplorePage/ExplorePage.stories.tsx","statementMap":{"0":{"start":{"line":10,"column":49},"end":{"line":12,"column":1}},"1":{"start":{"line":11,"column":4},"end":{"line":11,"column":14}},"2":{"start":{"line":14,"column":23},"end":{"line":14,"column":40}}},"fnMap":{"0":{"name":"(anonymous_0)","decl":{"start":{"line":10,"column":49},"end":{"line":10,"column":50}},"loc":{"start":{"line":11,"column":4},"end":{"line":11,"column":14}},"line":11}},"branchMap":{},"s":{"0":0,"1":0,"2":0},"f":{"0":0},"b":{}}
,"/home/shraN/React/Blinkist/blinkist-01/src/components/pages/ExplorePage/ExplorePage.tsx": {"path":"/home/shraN/React/Blinkist/blinkist-01/src/components/pages/ExplorePage/ExplorePage.tsx","statementMap":{"0":{"start":{"line":10,"column":14},"end":{"line":23,"column":2}},"1":{"start":{"line":36,"column":16},"end":{"line":103,"column":1}},"2":{"start":{"line":37,"column":60},"end":{"line":37,"column":72}},"3":{"start":{"line":38,"column":27},"end":{"line":38,"column":47}},"4":{"start":{"line":40,"column":24},"end":{"line":43,"column":3}},"5":{"start":{"line":41,"column":19},"end":{"line":41,"column":72}},"6":{"start":{"line":42,"column":4},"end":{"line":42,"column":25}},"7":{"start":{"line":45,"column":2},"end":{"line":51,"column":25}},"8":{"start":{"line":46,"column":21},"end":{"line":49,"column":5}},"9":{"start":{"line":47,"column":18},"end":{"line":47,"column":39}},"10":{"start":{"line":48,"column":6},"end":{"line":48,"column":38}},"11":{"start":{"line":50,"column":4},"end":{"line":50,"column":15}},"12":{"start":{"line":53,"column":2},"end":{"line":102,"column":4}}},"fnMap":{"0":{"name":"(anonymous_0)","decl":{"start":{"line":36,"column":16},"end":{"line":36,"column":17}},"loc":{"start":{"line":36,"column":22},"end":{"line":103,"column":1}},"line":36},"1":{"name":"(anonymous_1)","decl":{"start":{"line":40,"column":24},"end":{"line":40,"column":25}},"loc":{"start":{"line":40,"column":36},"end":{"line":43,"column":3}},"line":40},"2":{"name":"(anonymous_2)","decl":{"start":{"line":45,"column":12},"end":{"line":45,"column":13}},"loc":{"start":{"line":45,"column":18},"end":{"line":51,"column":3}},"line":45},"3":{"name":"(anonymous_3)","decl":{"start":{"line":46,"column":21},"end":{"line":46,"column":22}},"loc":{"start":{"line":46,"column":33},"end":{"line":49,"column":5}},"line":46},"4":{"name":"(anonymous_4)","decl":{"start":{"line":94,"column":29},"end":{"line":94,"column":30}},"loc":{"start":{"line":94,"column":33},"end":{"line":94,"column":35}},"line":94}},"branchMap":{},"s":{"0":0,"1":0,"2":0,"3":0,"4":0,"5":0,"6":0,"7":0,"8":0,"9":0,"10":0,"11":0,"12":0},"f":{"0":0,"1":0,"2":0,"3":0,"4":0},"b":{}}
,"/home/shraN/React/Blinkist/blinkist-01/src/components/pages/MyLibraryPage/MyLibraryPage.stories.tsx": {"path":"/home/shraN/React/Blinkist/blinkist-01/src/components/pages/MyLibraryPage/MyLibraryPage.stories.tsx","statementMap":{"0":{"start":{"line":11,"column":51},"end":{"line":13,"column":1}},"1":{"start":{"line":12,"column":4},"end":{"line":12,"column":33}},"2":{"start":{"line":15,"column":23},"end":{"line":15,"column":40}}},"fnMap":{"0":{"name":"(anonymous_0)","decl":{"start":{"line":11,"column":51},"end":{"line":11,"column":52}},"loc":{"start":{"line":12,"column":4},"end":{"line":12,"column":33}},"line":12}},"branchMap":{},"s":{"0":0,"1":0,"2":0},"f":{"0":0},"b":{}}
,"/home/shraN/React/Blinkist/blinkist-01/src/components/pages/MyLibraryPage/MyLibraryPage.tsx": {"path":"/home/shraN/React/Blinkist/blinkist-01/src/components/pages/MyLibraryPage/MyLibraryPage.tsx","statementMap":{"0":{"start":{"line":6,"column":18},"end":{"line":13,"column":2}},"1":{"start":{"line":16,"column":2},"end":{"line":23,"column":4}}},"fnMap":{"0":{"name":"MyLibrary","decl":{"start":{"line":15,"column":24},"end":{"line":15,"column":33}},"loc":{"start":{"line":15,"column":36},"end":{"line":24,"column":1}},"line":15}},"branchMap":{},"s":{"0":0,"1":0},"f":{"0":0},"b":{}}
,"/home/shraN/React/Blinkist/blinkist-01/src/data/bookdata.js": {"path":"/home/shraN/React/Blinkist/blinkist-01/src/data/bookdata.js","statementMap":{"0":{"start":{"line":21,"column":24},"end":{"line":40,"column":1}},"1":{"start":{"line":42,"column":27},"end":{"line":61,"column":1}},"2":{"start":{"line":64,"column":19},"end":{"line":161,"column":1}}},"fnMap":{},"branchMap":{},"s":{"0":3,"1":3,"2":3},"f":{},"b":{},"_coverageSchema":"1a1c01bbd47fc00a2c39e90264f33305004495a9","hash":"c4eb95d411966524c7f81fb038fa728a2ef91bba"}
}
