TN:
SF:src/App.tsx
FN:13,App
FNF:1
FNH:0
FNDA:0,App
DA:15,0
DA:17,0
DA:18,0
DA:28,0
LF:4
LH:0
BRDA:17,0,0,0
BRDA:17,0,1,0
BRDA:30,1,0,0
BRDA:30,1,1,0
BRDA:31,2,0,0
BRDA:31,2,1,0
BRF:6
BRH:0
end_of_record
TN:
SF:src/LoginPage.tsx
FN:6,LoginPage
FN:20,(anonymous_1)
FNF:2
FNH:0
FNDA:0,LoginPage
FNDA:0,(anonymous_1)
DA:7,0
DA:8,0
DA:20,0
LF:3
LH:0
BRF:0
BRH:0
end_of_record
TN:
SF:src/index.tsx
FNF:0
FNH:0
DA:8,0
DA:9,0
DA:11,0
DA:14,0
DA:28,0
LF:5
LH:0
BRF:0
BRH:0
end_of_record
TN:
SF:src/reportWebVitals.ts
FN:3,(anonymous_0)
FN:5,(anonymous_1)
FNF:2
FNH:0
FNDA:0,(anonymous_0)
FNDA:0,(anonymous_1)
DA:3,0
DA:4,0
DA:5,0
DA:6,0
DA:7,0
DA:8,0
DA:9,0
DA:10,0
LF:8
LH:0
BRDA:4,0,0,0
BRDA:4,0,1,0
BRDA:4,1,0,0
BRDA:4,1,1,0
BRF:4
BRH:0
end_of_record
TN:
SF:src/Theme/Theme.tsx
FNF:0
FNH:0
DA:3,0
LF:1
LH:0
BRF:0
BRH:0
end_of_record
TN:
SF:src/api/books.tsx
FNF:0
FNH:0
LF:0
LH:0
BRF:0
BRH:0
end_of_record
TN:
SF:src/components/atoms/Avatar/Avatar.tsx
FN:10,(anonymous_0)
FNF:1
FNH:1
FNDA:15,(anonymous_0)
DA:3,3
DA:10,3
DA:11,15
LF:3
LH:3
BRF:0
BRH:0
end_of_record
TN:
SF:src/components/atoms/Buttons/CustomIconButton.stories.tsx
FN:11,(anonymous_0)
FNF:1
FNH:0
FNDA:0,(anonymous_0)
DA:11,0
DA:12,0
DA:15,0
DA:17,0
LF:4
LH:0
BRF:0
BRH:0
end_of_record
TN:
SF:src/components/atoms/Buttons/CustomIconButton.tsx
FN:12,(anonymous_0)
FNF:1
FNH:1
FNDA:9,(anonymous_0)
DA:12,2
DA:13,9
LF:2
LH:2
BRF:0
BRH:0
end_of_record
TN:
SF:src/components/atoms/Buttons/DefaultButton.stories.tsx
FN:12,(anonymous_0)
FNF:1
FNH:0
FNDA:0,(anonymous_0)
DA:12,0
DA:13,0
DA:17,0
DA:18,0
DA:19,0
DA:21,0
DA:27,0
DA:33,0
LF:8
LH:0
BRF:0
BRH:0
end_of_record
TN:
SF:src/components/atoms/Buttons/DefaultButton.tsx
FN:13,(anonymous_0)
FNF:1
FNH:1
FNDA:2,(anonymous_0)
DA:13,1
DA:14,2
LF:2
LH:2
BRF:0
BRH:0
end_of_record
TN:
SF:src/components/atoms/Buttons/EndIconButton.stories.tsx
FN:11,(anonymous_0)
FNF:1
FNH:0
FNDA:0,(anonymous_0)
DA:11,0
DA:12,0
DA:15,0
DA:17,0
LF:4
LH:0
BRF:0
BRH:0
end_of_record
TN:
SF:src/components/atoms/Buttons/EndIconButton.tsx
FN:15,(anonymous_0)
FNF:1
FNH:1
FNDA:3,(anonymous_0)
DA:15,1
DA:16,3
LF:2
LH:2
BRF:0
BRH:0
end_of_record
TN:
SF:src/components/atoms/Logo/Logo.stories.tsx
FN:10,(anonymous_0)
FNF:1
FNH:0
FNDA:0,(anonymous_0)
DA:10,0
DA:12,0
LF:2
LH:0
BRF:0
BRH:0
end_of_record
TN:
SF:src/components/atoms/Logo/Logo.tsx
FN:4,Logo
FNF:1
FNH:1
FNDA:8,Logo
DA:5,8
LF:1
LH:1
BRF:0
BRH:0
end_of_record
TN:
SF:src/components/atoms/Progress/Progress.tsx
FN:17,(anonymous_0)
FNF:1
FNH:1
FNDA:23,(anonymous_0)
DA:9,4
DA:17,4
DA:18,23
LF:3
LH:3
BRF:0
BRH:0
end_of_record
TN:
SF:src/components/molecules/Account/AccountDrop.stories.tsx
FN:10,(anonymous_0)
FNF:1
FNH:0
FNDA:0,(anonymous_0)
DA:10,0
DA:11,0
DA:14,0
LF:3
LH:0
BRF:0
BRH:0
end_of_record
TN:
SF:src/components/molecules/Account/AccountDrop.tsx
FN:10,AccountDrop
FN:15,(anonymous_1)
FN:23,(anonymous_2)
FN:53,(anonymous_3)
FNF:4
FNH:3
FNDA:14,AccountDrop
FNDA:4,(anonymous_1)
FNDA:2,(anonymous_2)
FNDA:0,(anonymous_3)
DA:11,14
DA:12,14
DA:13,14
DA:15,14
DA:16,4
DA:17,4
DA:18,2
DA:20,4
DA:23,14
DA:24,2
DA:25,2
DA:28,14
DA:30,14
DA:53,0
LF:14
LH:13
BRDA:17,0,0,2
BRDA:17,0,1,2
BRDA:34,1,0,2
BRDA:34,1,1,12
BRDA:36,2,0,2
BRDA:36,2,1,12
BRF:6
BRH:6
end_of_record
TN:
SF:src/components/molecules/BookCard/BookCard.stories.tsx
FN:11,(anonymous_0)
FNF:1
FNH:0
FNDA:0,(anonymous_0)
DA:11,0
DA:12,0
DA:15,0
DA:17,0
DA:28,0
DA:30,0
LF:6
LH:0
BRF:0
BRH:0
end_of_record
TN:
SF:src/components/molecules/BookCard/BookCard.tsx
FN:118,BookCard
FN:122,finishReading
FN:123,(anonymous_2)
FN:132,readAgain
FN:133,(anonymous_4)
FN:143,addToLibrary
FN:144,(anonymous_6)
FN:149,(anonymous_7)
FN:150,(anonymous_8)
FN:211,(anonymous_9)
FN:242,(anonymous_10)
FN:257,(anonymous_11)
FNF:12
FNH:10
FNDA:42,BookCard
FNDA:1,finishReading
FNDA:1,(anonymous_2)
FNDA:1,readAgain
FNDA:1,(anonymous_4)
FNDA:1,addToLibrary
FNDA:1,(anonymous_6)
FNDA:0,(anonymous_7)
FNDA:0,(anonymous_8)
FNDA:1,(anonymous_9)
FNDA:1,(anonymous_10)
FNDA:1,(anonymous_11)
DA:16,3
DA:120,42
DA:123,1
DA:124,1
DA:129,1
DA:133,1
DA:134,1
DA:139,1
DA:144,1
DA:145,1
DA:149,0
DA:150,0
DA:152,1
DA:153,1
DA:156,42
DA:211,1
DA:242,1
DA:257,1
LF:18
LH:16
BRDA:206,0,0,42
BRDA:206,0,1,42
BRDA:206,0,2,22
BRDA:206,0,3,13
BRDA:221,1,0,42
BRDA:221,1,1,0
BRDA:221,1,2,0
BRDA:237,2,0,42
BRDA:237,2,1,42
BRDA:237,2,2,9
BRDA:252,3,0,42
BRDA:252,3,1,20
BRDA:269,4,0,42
BRDA:269,4,1,22
BRDA:269,4,2,13
BRDA:275,5,0,42
BRDA:275,5,1,22
BRDA:275,5,2,9
BRF:18
BRH:16
end_of_record
TN:
SF:src/components/molecules/Search/SearchInput.tsx
FN:11,SearchInput
FN:13,(anonymous_1)
FNF:2
FNH:2
FNDA:4,SearchInput
FNDA:2,(anonymous_1)
DA:12,4
DA:13,4
DA:14,2
DA:15,2
DA:18,4
LF:5
LH:5
BRF:0
BRH:0
end_of_record
TN:
SF:src/components/molecules/Search/Searchinput.stories.tsx
FN:10,(anonymous_0)
FNF:1
FNH:0
FNDA:0,(anonymous_0)
DA:10,0
DA:11,0
DA:14,0
LF:3
LH:0
BRF:0
BRH:0
end_of_record
TN:
SF:src/components/organisms/Explore/ExploreDialog.stories.tsx
FN:11,(anonymous_0)
FNF:1
FNH:0
FNDA:0,(anonymous_0)
DA:11,0
DA:12,0
DA:17,0
LF:3
LH:0
BRF:0
BRH:0
end_of_record
TN:
SF:src/components/organisms/Explore/ExploreDialog.tsx
FN:107,ExploreDialog
FN:115,(anonymous_1)
FN:119,(anonymous_2)
FN:198,(anonymous_3)
FNF:4
FNH:4
FNDA:15,ExploreDialog
FNDA:6,(anonymous_1)
FNDA:2,(anonymous_2)
FNDA:270,(anonymous_3)
DA:13,2
DA:85,2
DA:99,2
DA:109,15
DA:111,15
DA:112,15
DA:114,15
DA:115,15
DA:116,6
DA:117,6
DA:119,15
DA:120,2
DA:121,2
DA:124,15
DA:199,270
LF:15
LH:15
BRDA:117,0,0,2
BRDA:117,0,1,4
BRDA:121,1,0,2
BRDA:121,1,1,0
BRDA:128,2,0,11
BRDA:128,2,1,4
BRDA:138,3,0,11
BRDA:138,3,1,4
BRF:8
BRH:7
end_of_record
TN:
SF:src/components/organisms/Footer/Footer.stories.tsx
FN:10,(anonymous_0)
FNF:1
FNH:0
FNDA:0,(anonymous_0)
DA:10,0
DA:12,0
DA:16,0
LF:3
LH:0
BRF:0
BRH:0
end_of_record
TN:
SF:src/components/organisms/Footer/Footer.tsx
FN:31,Footer
FNF:1
FNH:1
FNDA:1,Footer
DA:16,1
DA:32,1
LF:2
LH:2
BRF:0
BRH:0
end_of_record
TN:
SF:src/components/organisms/Grid/CardGrid.stories.tsx
FN:12,(anonymous_0)
FNF:1
FNH:0
FNDA:0,(anonymous_0)
DA:12,0
DA:13,0
DA:18,0
DA:20,0
LF:4
LH:0
BRF:0
BRH:0
end_of_record
TN:
SF:src/components/organisms/Grid/CardGrid.tsx
FN:23,(anonymous_0)
FN:26,(anonymous_1)
FNF:2
FNH:2
FNDA:9,(anonymous_0)
FNDA:24,(anonymous_1)
DA:23,2
DA:24,9
DA:27,24
DA:28,4
DA:47,20
LF:5
LH:5
BRDA:27,0,0,4
BRDA:27,0,1,20
BRF:2
BRH:2
end_of_record
TN:
SF:src/components/organisms/MainHeader/MainHeader.stories.tsx
FN:11,(anonymous_0)
FNF:1
FNH:0
FNDA:0,(anonymous_0)
DA:11,0
DA:12,0
DA:17,0
LF:3
LH:0
BRF:0
BRH:0
end_of_record
TN:
SF:src/components/organisms/MainHeader/MainHeader.tsx
FN:11,MainHeader
FN:17,(anonymous_1)
FNF:2
FNH:2
FNDA:7,MainHeader
FNDA:2,(anonymous_1)
DA:13,7
DA:15,7
DA:17,7
DA:18,2
DA:19,2
DA:22,7
LF:6
LH:6
BRDA:72,0,0,1
BRDA:72,0,1,6
BRF:2
BRH:2
end_of_record
TN:
SF:src/components/organisms/MyLibrary/MyLibrary.stories.tsx
FN:11,(anonymous_0)
FNF:1
FNH:0
FNDA:0,(anonymous_0)
DA:11,0
DA:12,0
DA:17,0
LF:3
LH:0
BRF:0
BRH:0
end_of_record
TN:
SF:src/components/organisms/MyLibrary/MyLibrary.tsx
FN:23,MyLibraryTab
FN:28,(anonymous_1)
FN:32,(anonymous_2)
FN:52,(anonymous_3)
FN:53,(anonymous_4)
FNF:5
FNH:5
FNDA:5,MyLibraryTab
FNDA:1,(anonymous_1)
FNDA:5,(anonymous_2)
FNDA:5,(anonymous_3)
FNDA:5,(anonymous_4)
DA:12,1
DA:24,5
DA:25,5
DA:26,5
DA:28,5
DA:29,1
DA:32,5
DA:34,5
DA:35,5
DA:42,0
DA:49,0
DA:52,5
DA:53,5
DA:54,5
DA:55,0
DA:56,0
DA:57,0
DA:58,0
DA:63,5
DA:66,5
LF:20
LH:14
BRDA:34,0,0,5
BRDA:34,0,1,0
BRF:2
BRH:1
end_of_record
TN:
SF:src/components/pages/BookDetails/BookDetails.stories.tsx
FN:10,(anonymous_0)
FNF:1
FNH:0
FNDA:0,(anonymous_0)
DA:10,0
DA:11,0
DA:14,0
LF:3
LH:0
BRF:0
BRH:0
end_of_record
TN:
SF:src/components/pages/BookDetails/BookDetails.tsx
FN:90,BookInfo
FN:93,(anonymous_1)
FNF:2
FNH:0
FNDA:0,BookInfo
FNDA:0,(anonymous_1)
DA:27,0
DA:91,0
DA:93,0
DA:94,0
DA:97,0
LF:5
LH:0
BRF:0
BRH:0
end_of_record
TN:
SF:src/components/pages/ExplorePage/ExplorePage.stories.tsx
FN:10,(anonymous_0)
FNF:1
FNH:0
FNDA:0,(anonymous_0)
DA:10,0
DA:11,0
DA:14,0
LF:3
LH:0
BRF:0
BRH:0
end_of_record
TN:
SF:src/components/pages/ExplorePage/ExplorePage.tsx
FN:36,(anonymous_0)
FN:40,(anonymous_1)
FN:45,(anonymous_2)
FN:46,(anonymous_3)
FN:94,(anonymous_4)
FNF:5
FNH:0
FNDA:0,(anonymous_0)
FNDA:0,(anonymous_1)
FNDA:0,(anonymous_2)
FNDA:0,(anonymous_3)
FNDA:0,(anonymous_4)
DA:10,0
DA:36,0
DA:37,0
DA:38,0
DA:40,0
DA:41,0
DA:42,0
DA:45,0
DA:46,0
DA:47,0
DA:48,0
DA:50,0
DA:53,0
LF:13
LH:0
BRF:0
BRH:0
end_of_record
TN:
SF:src/components/pages/MyLibraryPage/MyLibraryPage.stories.tsx
FN:11,(anonymous_0)
FNF:1
FNH:0
FNDA:0,(anonymous_0)
DA:11,0
DA:12,0
DA:15,0
LF:3
LH:0
BRF:0
BRH:0
end_of_record
TN:
SF:src/components/pages/MyLibraryPage/MyLibraryPage.tsx
FN:15,MyLibrary
FNF:1
FNH:0
FNDA:0,MyLibrary
DA:6,0
DA:16,0
LF:2
LH:0
BRF:0
BRH:0
end_of_record
TN:
SF:src/data/bookdata.js
FNF:0
FNH:0
DA:21,3
DA:42,3
DA:64,3
LF:3
LH:3
BRF:0
BRH:0
end_of_record
